<?xml version="1.0" encoding="UTF-8"?>
<testsuites tests="26" failures="0" disabled="0" errors="0" time="0.003" timestamp="2026-09-13T03:20:24.474" name="AllTests">
  <testsuite name="GateIdentityFence" tests="5" failures="0" disabled="0" skipped="0" errors="0" time="0." timestamp="2026-09-13T03:20:24.475">
    <testcase name="DeliversPushAddressedToTheSessionOwner" file="E:\work\xuanming-server-mmo\cpp\tests\routing_identity_test\routing_identity_test.cpp" line="44" status="run" result="completed" time="0." timestamp="2026-09-13T03:20:24.475" classname="GateIdentityFence" />
    <testcase name="DropsPushWhenRecycledGateNodeIdLandsOnAnotherPlayersSession" file="E:\work\xuanming-server-mmo\cpp\tests\routing_identity_test\routing_identity_test.cpp" line="53" status="run" result="completed" time="0." timestamp="2026-09-13T03:20:24.475" classname="GateIdentityFence" />
    <testcase name="DropsPushWhenSessionSequenceWrappedWithinOneGateIncarnation" file="E:\work\xuanming-server-mmo\cpp\tests\routing_identity_test\routing_identity_test.cpp" line="64" status="run" result="completed" time="0." timestamp="2026-09-13T03:20:24.475" classname="GateIdentityFence" />
    <testcase name="DropsPushToASessionThatHasNoBoundPlayerYet" file="E:\work\xuanming-server-mmo\cpp\tests\routing_identity_test\routing_identity_test.cpp" line="72" status="run" result="completed" time="0." timestamp="2026-09-13T03:20:24.475" classname="GateIdentityFence" />
    <testcase name="LegacySenderWithoutPlayerIdIsDeliveredButFlaggedUnfenced" file="E:\work\xuanming-server-mmo\cpp\tests\routing_identity_test\routing_identity_test.cpp" line="82" status="run" result="completed" time="0." timestamp="2026-09-13T03:20:24.475" classname="GateIdentityFence" />
  </testsuite>
  <testsuite name="BroadcastTargetCodec" tests="5" failures="0" disabled="0" skipped="0" errors="0" time="0." timestamp="2026-09-13T03:20:24.476">
    <testcase name="ListEncodingRoundTripsPairsInSessionOrder" file="E:\work\xuanming-server-mmo\cpp\tests\routing_identity_test\routing_identity_test.cpp" line="113" status="run" result="completed" time="0." timestamp="2026-09-13T03:20:24.476" classname="BroadcastTargetCodec" />
    <testcase name="BitmapEncodingKeepsPlayerIdsAlignedWithBitOrder" file="E:\work\xuanming-server-mmo\cpp\tests\routing_identity_test\routing_identity_test.cpp" line="134" status="run" result="completed" time="0." timestamp="2026-09-13T03:20:24.476" classname="BroadcastTargetCodec" />
    <testcase name="DuplicateSessionsAreCollapsedSoAlignmentSurvives" file="E:\work\xuanming-server-mmo\cpp\tests\routing_identity_test\routing_identity_test.cpp" line="159" status="run" result="completed" time="0." timestamp="2026-09-13T03:20:24.476" classname="BroadcastTargetCodec" />
    <testcase name="LegacyRequestWithoutPlayerListDecodesToZeros" file="E:\work\xuanming-server-mmo\cpp\tests\routing_identity_test\routing_identity_test.cpp" line="178" status="run" result="completed" time="0." timestamp="2026-09-13T03:20:24.476" classname="BroadcastTargetCodec" />
    <testcase name="OnlyTheHijackedSessionIsDroppedByTheFence" file="E:\work\xuanming-server-mmo\cpp\tests\routing_identity_test\routing_identity_test.cpp" line="195" status="run" result="completed" time="0." timestamp="2026-09-13T03:20:24.476" classname="BroadcastTargetCodec" />
  </testsuite>
  <testsuite name="NodeMessageHeaderFence" tests="1" failures="0" disabled="0" skipped="0" errors="0" time="0." timestamp="2026-09-13T03:20:24.476">
    <testcase name="UnsetTargetPlayerIdReadsAsLegacyZero" file="E:\work\xuanming-server-mmo\cpp\tests\routing_identity_test\routing_identity_test.cpp" line="225" status="run" result="completed" time="0." timestamp="2026-09-13T03:20:24.476" classname="NodeMessageHeaderFence" />
  </testsuite>
  <testsuite name="NodeEntityLookup" tests="2" failures="0" disabled="0" skipped="0" errors="0" time="0." timestamp="2026-09-13T03:20:24.477">
    <testcase name="NodeIdIsNotAnEntityHandleAndMustBeResolved" file="E:\work\xuanming-server-mmo\cpp\tests\routing_identity_test\routing_identity_test.cpp" line="272" status="run" result="completed" time="0." timestamp="2026-09-13T03:20:24.477" classname="NodeEntityLookup" />
    <testcase name="ZoneScopedLookupDoesNotAliasAcrossZones" file="E:\work\xuanming-server-mmo\cpp\tests\routing_identity_test\routing_identity_test.cpp" line="302" status="run" result="completed" time="0." timestamp="2026-09-13T03:20:24.477" classname="NodeEntityLookup" />
  </testsuite>
  <testsuite name="SettlementOutbox" tests="6" failures="0" disabled="0" skipped="0" errors="0" time="0." timestamp="2026-09-13T03:20:24.477">
    <testcase name="StopsRetryingOnceSceneHasSettledTheRecord" file="E:\work\xuanming-server-mmo\cpp\tests\routing_identity_test\routing_identity_test.cpp" line="346" status="run" result="completed" time="0." timestamp="2026-09-13T03:20:24.477" classname="SettlementOutbox" />
    <testcase name="ResendsAgainstAReResolvedTargetWhenStillUnacknowledged" file="E:\work\xuanming-server-mmo\cpp\tests\routing_identity_test\routing_identity_test.cpp" line="354" status="run" result="completed" time="0." timestamp="2026-09-13T03:20:24.478" classname="SettlementOutbox" />
    <testcase name="WaitsInsteadOfBlindResendWhenPlayerLocationIsUnknown" file="E:\work\xuanming-server-mmo\cpp\tests\routing_identity_test\routing_identity_test.cpp" line="365" status="run" result="completed" time="0." timestamp="2026-09-13T03:20:24.478" classname="SettlementOutbox" />
    <testcase name="ExhaustionIsLoudButNotDataLoss" file="E:\work\xuanming-server-mmo\cpp\tests\routing_identity_test\routing_identity_test.cpp" line="372" status="run" result="completed" time="0." timestamp="2026-09-13T03:20:24.478" classname="SettlementOutbox" />
    <testcase name="AcknowledgementWinsOverExhaustionOnTheLastRound" file="E:\work\xuanming-server-mmo\cpp\tests\routing_identity_test\routing_identity_test.cpp" line="381" status="run" result="completed" time="0." timestamp="2026-09-13T03:20:24.478" classname="SettlementOutbox" />
    <testcase name="PendingRecordKeysAreDistinctAndPlayerScoped" file="E:\work\xuanming-server-mmo\cpp\tests\routing_identity_test\routing_identity_test.cpp" line="390" status="run" result="completed" time="0." timestamp="2026-09-13T03:20:24.478" classname="SettlementOutbox" />
  </testsuite>
  <testsuite name="SceneRouteEntry" tests="7" failures="0" disabled="0" skipped="0" errors="0" time="0." timestamp="2026-09-13T03:20:24.478">
    <testcase name="LoginThenTravelForwardsWithoutRepeatingLogin" file="E:\work\xuanming-server-mmo\cpp\tests\routing_identity_test\routing_identity_test.cpp" line="403" status="run" result="completed" time="0." timestamp="2026-09-13T03:20:24.478" classname="SceneRouteEntry" />
    <testcase name="DuplicateRouteDoesNotEnterAgain" file="E:\work\xuanming-server-mmo\cpp\tests\routing_identity_test\routing_identity_test.cpp" line="419" status="run" result="completed" time="0." timestamp="2026-09-13T03:20:24.478" classname="SceneRouteEntry" />
    <testcase name="RouteBeforeLoginBindingWaitsForLogin" file="E:\work\xuanming-server-mmo\cpp\tests\routing_identity_test\routing_identity_test.cpp" line="429" status="run" result="completed" time="0." timestamp="2026-09-13T03:20:24.478" classname="SceneRouteEntry" />
    <testcase name="AnotherInstanceOfSameMapStillNeedsEntry" file="E:\work\xuanming-server-mmo\cpp\tests\routing_identity_test\routing_identity_test.cpp" line="443" status="run" result="completed" time="0." timestamp="2026-09-13T03:20:24.478" classname="SceneRouteEntry" />
    <testcase name="MissingDestinationDoesNotConsumeLoginOrClearRoute" file="E:\work\xuanming-server-mmo\cpp\tests\routing_identity_test\routing_identity_test.cpp" line="452" status="run" result="completed" time="0." timestamp="2026-09-13T03:20:24.478" classname="SceneRouteEntry" />
    <testcase name="MissingRpcClientCanRetrySameTravelEvent" file="E:\work\xuanming-server-mmo\cpp\tests\routing_identity_test\routing_identity_test.cpp" line="462" status="run" result="completed" time="0." timestamp="2026-09-13T03:20:24.478" classname="SceneRouteEntry" />
    <testcase name="MissingRpcClientDoesNotConsumePendingLogin" file="E:\work\xuanming-server-mmo\cpp\tests\routing_identity_test\routing_identity_test.cpp" line="474" status="run" result="completed" time="0." timestamp="2026-09-13T03:20:24.478" classname="SceneRouteEntry" />
  </testsuite>
</testsuites>
